<?xml version="1.0" encoding="UTF-8"?>
<testng-results skipped="0" failed="0" ignored="0" total="1" passed="1">
  <reporter-output>
  </reporter-output>
  <suite name="nopCommerce" duration-ms="26370" started-at="2019-07-27T01:57:30Z" finished-at="2019-07-27T01:57:57Z">
    <groups>
    </groups>
    <test name="chrometest" duration-ms="26370" started-at="2019-07-27T01:57:30Z" finished-at="2019-07-27T01:57:57Z">
      <class name="com.nopcommerce.testCases.TC_AddCustomerTest_003">
        <test-method status="PASS" signature="setup(java.lang.String)[pri:0, instance:com.nopcommerce.testCases.TC_AddCustomerTest_003@1a968a59]" name="setup" is-config="true" duration-ms="4675" started-at="2019-07-27T01:57:31Z" finished-at="2019-07-27T01:57:36Z">
          <params>
            <param index="0">
              <value>
                <![CDATA[chrome]]>
              </value>
            </param>
          </params>
          <reporter-output>
          </reporter-output>
        </test-method> <!-- setup -->
        <test-method status="PASS" signature="addNewCustomer()[pri:0, instance:com.nopcommerce.testCases.TC_AddCustomerTest_003@1a968a59]" name="addNewCustomer" duration-ms="20465" started-at="2019-07-27T01:57:36Z" finished-at="2019-07-27T01:57:56Z">
          <reporter-output>
          </reporter-output>
        </test-method> <!-- addNewCustomer -->
        <test-method status="PASS" signature="tearDown()[pri:0, instance:com.nopcommerce.testCases.TC_AddCustomerTest_003@1a968a59]" name="tearDown" is-config="true" duration-ms="846" started-at="2019-07-27T01:57:56Z" finished-at="2019-07-27T01:57:57Z">
          <reporter-output>
          </reporter-output>
        </test-method> <!-- tearDown -->
      </class> <!-- com.nopcommerce.testCases.TC_AddCustomerTest_003 -->
    </test> <!-- chrometest -->
  </suite> <!-- nopCommerce -->
</testng-results>
